This is XeTeX, Version 3.1415926-2.3-0.9997.5 (MiKTeX 2.9) (preloaded format=xelatex 2013.4.23)  14 AUG 2015 22:57
entering extended mode
**bare_jrnl_compsoc.tex
(C:\Users\niuxintao\Documents\GitHub\tse-paper-compare\bare_jrnl_compsoc.tex
LaTeX2e <2011/06/27>
Babel <v3.8m> and hyphenation patterns for loaded.
(C:\Users\niuxintao\Documents\GitHub\tse-paper-compare\IEEEtran.cls
Document Class: IEEEtran 2007/03/05 V1.7a by Michael Shell
-- See the "IEEEtran_HOWTO" manual for usage information.
-- http://www.michaelshell.org/tex/ieeetran/
\@IEEEtrantmpdimenA=\dimen102
\@IEEEtrantmpdimenB=\dimen103
\@IEEEtrantmpcountA=\count80
\@IEEEtrantmpcountB=\count81
\@IEEEtrantmptoksA=\toks14
-- Using IEEE Computer Society mode.
LaTeX Font Info:    Try loading font information for OT1+ppl on input line 377.

(D:\CTEX\MiKTeX\tex\latex\psnfss\ot1ppl.fd
File: ot1ppl.fd 2001/06/04 font definitions for OT1/ppl.
)
Requested font "pplr7t" at 10.0pt
 -> pplr7t

-- Using 7.875in x 10.75in (letter) paper.
-- Using DVI output.
\@IEEEnormalsizeunitybaselineskip=\dimen104
-- This is a 10 point document.
\CLASSINFOnormalsizebaselineskip=\dimen105
\CLASSINFOnormalsizeunitybaselineskip=\dimen106
\IEEEnormaljot=\dimen107
Requested font "pplr7t" at 5.0pt
 -> pplr7t
LaTeX Font Info:    Font shape `OT1/ppl/bx/n' in size <5> not available
(Font)              Font shape `OT1/ppl/b/n' tried instead on input line 735.
Requested font "pplb7t" at 5.0pt
 -> pplb7t
Requested font "pplri7t" at 5.0pt
 -> pplri7t
LaTeX Font Info:    Font shape `OT1/ppl/bx/it' in size <5> not available
(Font)              Font shape `OT1/ppl/b/it' tried instead on input line 735.
Requested font "pplbi7t" at 5.0pt
 -> pplbi7t
Requested font "pplr7t" at 7.0pt
 -> pplr7t
LaTeX Font Info:    Font shape `OT1/ppl/bx/n' in size <7> not available
(Font)              Font shape `OT1/ppl/b/n' tried instead on input line 735.
Requested font "pplb7t" at 7.0pt
 -> pplb7t
Requested font "pplri7t" at 7.0pt
 -> pplri7t
LaTeX Font Info:    Font shape `OT1/ppl/bx/it' in size <7> not available
(Font)              Font shape `OT1/ppl/b/it' tried instead on input line 735.
Requested font "pplbi7t" at 7.0pt
 -> pplbi7t
Requested font "pplr7t" at 8.0pt
 -> pplr7t
LaTeX Font Info:    Font shape `OT1/ppl/bx/n' in size <8> not available
(Font)              Font shape `OT1/ppl/b/n' tried instead on input line 735.
Requested font "pplb7t" at 8.0pt
 -> pplb7t
Requested font "pplri7t" at 8.0pt
 -> pplri7t
LaTeX Font Info:    Font shape `OT1/ppl/bx/it' in size <8> not available
(Font)              Font shape `OT1/ppl/b/it' tried instead on input line 735.
Requested font "pplbi7t" at 8.0pt
 -> pplbi7t
Requested font "pplr7t" at 9.0pt
 -> pplr7t
LaTeX Font Info:    Font shape `OT1/ppl/bx/n' in size <9> not available
(Font)              Font shape `OT1/ppl/b/n' tried instead on input line 735.
Requested font "pplb7t" at 9.0pt
 -> pplb7t
Requested font "pplri7t" at 9.0pt
 -> pplri7t
LaTeX Font Info:    Font shape `OT1/ppl/bx/it' in size <9> not available
(Font)              Font shape `OT1/ppl/b/it' tried instead on input line 735.
Requested font "pplbi7t" at 9.0pt
 -> pplbi7t
LaTeX Font Info:    Font shape `OT1/ppl/bx/n' in size <10> not available
(Font)              Font shape `OT1/ppl/b/n' tried instead on input line 735.
Requested font "pplb7t" at 10.0pt
 -> pplb7t
Requested font "pplri7t" at 10.0pt
 -> pplri7t
LaTeX Font Info:    Font shape `OT1/ppl/bx/it' in size <10> not available
(Font)              Font shape `OT1/ppl/b/it' tried instead on input line 735.
Requested font "pplbi7t" at 10.0pt
 -> pplbi7t
Requested font "pplr7t" at 11.0pt
 -> pplr7t
LaTeX Font Info:    Font shape `OT1/ppl/bx/n' in size <11> not available
(Font)              Font shape `OT1/ppl/b/n' tried instead on input line 735.
Requested font "pplb7t" at 11.0pt
 -> pplb7t
Requested font "pplri7t" at 11.0pt
 -> pplri7t
LaTeX Font Info:    Font shape `OT1/ppl/bx/it' in size <11> not available
(Font)              Font shape `OT1/ppl/b/it' tried instead on input line 735.
Requested font "pplbi7t" at 11.0pt
 -> pplbi7t
Requested font "pplr7t" at 12.0pt
 -> pplr7t
LaTeX Font Info:    Font shape `OT1/ppl/bx/n' in size <12> not available
(Font)              Font shape `OT1/ppl/b/n' tried instead on input line 735.
Requested font "pplb7t" at 12.0pt
 -> pplb7t
Requested font "pplri7t" at 12.0pt
 -> pplri7t
LaTeX Font Info:    Font shape `OT1/ppl/bx/it' in size <12> not available
(Font)              Font shape `OT1/ppl/b/it' tried instead on input line 735.
Requested font "pplbi7t" at 12.0pt
 -> pplbi7t
Requested font "pplr7t" at 17.0pt
 -> pplr7t
LaTeX Font Info:    Font shape `OT1/ppl/bx/n' in size <17> not available
(Font)              Font shape `OT1/ppl/b/n' tried instead on input line 735.
Requested font "pplb7t" at 17.0pt
 -> pplb7t
Requested font "pplri7t" at 17.0pt
 -> pplri7t
LaTeX Font Info:    Font shape `OT1/ppl/bx/it' in size <17> not available
(Font)              Font shape `OT1/ppl/b/it' tried instead on input line 735.
Requested font "pplbi7t" at 17.0pt
 -> pplbi7t
Requested font "pplr7t" at 20.0pt
 -> pplr7t
LaTeX Font Info:    Font shape `OT1/ppl/bx/n' in size <20> not available
(Font)              Font shape `OT1/ppl/b/n' tried instead on input line 735.
Requested font "pplb7t" at 20.0pt
 -> pplb7t
Requested font "pplri7t" at 20.0pt
 -> pplri7t
LaTeX Font Info:    Font shape `OT1/ppl/bx/it' in size <20> not available
(Font)              Font shape `OT1/ppl/b/it' tried instead on input line 735.
Requested font "pplbi7t" at 20.0pt
 -> pplbi7t
Requested font "pplr7t" at 24.0pt
 -> pplr7t
LaTeX Font Info:    Font shape `OT1/ppl/bx/n' in size <24> not available
(Font)              Font shape `OT1/ppl/b/n' tried instead on input line 735.
Requested font "pplb7t" at 24.0pt
 -> pplb7t
Requested font "pplri7t" at 24.0pt
 -> pplri7t
LaTeX Font Info:    Font shape `OT1/ppl/bx/it' in size <24> not available
(Font)              Font shape `OT1/ppl/b/it' tried instead on input line 735.
Requested font "pplbi7t" at 24.0pt
 -> pplbi7t
\IEEEilabelindentA=\dimen108
\IEEEilabelindentB=\dimen109
\IEEEilabelindent=\dimen110
\IEEEelabelindent=\dimen111
\IEEEdlabelindent=\dimen112
\IEEElabelindent=\dimen113
\IEEEiednormlabelsep=\dimen114
\IEEEiedmathlabelsep=\dimen115
\IEEEiedtopsep=\skip41
\c@section=\count82
\c@subsection=\count83
\c@subsubsection=\count84
\c@paragraph=\count85
\c@IEEEsubequation=\count86
\abovecaptionskip=\skip42
\belowcaptionskip=\skip43
\c@figure=\count87
\c@table=\count88
\@IEEEeqnnumcols=\count89
\@IEEEeqncolcnt=\count90
\@IEEEtmpitemindent=\dimen116
\c@IEEEbiography=\count91
\@IEEEtranrubishbin=\box26
) (D:\CTEX\MiKTeX\tex\latex\graphics\graphicx.sty
Package: graphicx 1999/02/16 v1.0f Enhanced LaTeX Graphics (DPC,SPQR)

(D:\CTEX\MiKTeX\tex\latex\graphics\keyval.sty
Package: keyval 1999/03/16 v1.13 key=value parser (DPC)
\KV@toks@=\toks15
)
(D:\CTEX\MiKTeX\tex\latex\graphics\graphics.sty
Package: graphics 2009/02/05 v1.0o Standard LaTeX Graphics (DPC,SPQR)

(D:\CTEX\MiKTeX\tex\latex\graphics\trig.sty
Package: trig 1999/03/16 v1.09 sin cos tan (DPC)
)
(D:\CTEX\MiKTeX\tex\latex\00miktex\graphics.cfg
File: graphics.cfg 2007/01/18 v1.5 graphics configuration of teTeX/TeXLive
)
Package graphics Info: Driver file: xetex.def on input line 91.

(D:\CTEX\MiKTeX\tex\xelatex\xetex-def\xetex.def
File: xetex.def 2009/11/22 v0.94 LaTeX color/graphics driver for XeTeX (RRM/JK)

))
\Gin@req@height=\dimen117
\Gin@req@width=\dimen118
)
(D:\CTEX\MiKTeX\tex\latex\ams\classes\amsthm.sty
Package: amsthm 2004/08/06 v2.20
\thm@style=\toks16
\thm@bodyfont=\toks17
\thm@headfont=\toks18
\thm@notefont=\toks19
\thm@headpunct=\toks20
\thm@preskip=\skip44
\thm@postskip=\skip45
\thm@headsep=\skip46
\dth@everypar=\toks21
)
(D:\CTEX\MiKTeX\tex\latex\algorithmicx\algpseudocode.sty
Package: algpseudocode 

(D:\CTEX\MiKTeX\tex\latex\base\ifthen.sty
Package: ifthen 2001/05/26 v1.1c Standard LaTeX ifthen package (DPC)
)
(D:\CTEX\MiKTeX\tex\latex\algorithmicx\algorithmicx.sty
Package: algorithmicx 2005/04/27 v1.2 Algorithmicx

Document Style algorithmicx 1.2 - a greatly improved `algorithmic' style
\c@ALG@line=\count92
\c@ALG@rem=\count93
\c@ALG@nested=\count94
\ALG@tlm=\skip47
\ALG@thistlm=\skip48
\c@ALG@Lnr=\count95
\c@ALG@blocknr=\count96
\c@ALG@storecount=\count97
\c@ALG@tmpcounter=\count98
\ALG@tmplength=\skip49
)
Document Style - pseudocode environments for use with the `algorithmicx' style
) (D:\CTEX\MiKTeX\tex\latex\algorithms\algorithm.sty
Invalid UTF-8 byte or sequence at line 11 replaced by U+FFFD.
Package: algorithm 2009/08/24 v0.1 Document Style `algorithm' - floating enviro
nment

(D:\CTEX\MiKTeX\tex\latex\float\float.sty
Package: float 2001/11/08 v1.3d Float enhancements (AL)
\c@float@type=\count99
\float@exts=\toks22
\float@box=\box27
\@float@everytoks=\toks23
\@floatcapt=\box28
)
\@float@every@algorithm=\toks24
\c@algorithm=\count100
)
(D:\CTEX\MiKTeX\tex\latex\ams\math\amsmath.sty
Package: amsmath 2000/07/18 v2.13 AMS math features
\@mathmargin=\skip50

For additional information on amsmath, use the `?' option.
(D:\CTEX\MiKTeX\tex\latex\ams\math\amstext.sty
Package: amstext 2000/06/29 v2.01

(D:\CTEX\MiKTeX\tex\latex\ams\math\amsgen.sty
File: amsgen.sty 1999/11/30 v2.0
\@emptytoks=\toks25
\ex@=\dimen119
))
(D:\CTEX\MiKTeX\tex\latex\ams\math\amsbsy.sty
Package: amsbsy 1999/11/29 v1.2d
\pmbraise@=\dimen120
)
(D:\CTEX\MiKTeX\tex\latex\ams\math\amsopn.sty
Package: amsopn 1999/12/14 v2.01 operator names
)
\inf@bad=\count101
LaTeX Info: Redefining \frac on input line 211.
\uproot@=\count102
\leftroot@=\count103
LaTeX Info: Redefining \overline on input line 307.
\classnum@=\count104
\DOTSCASE@=\count105
LaTeX Info: Redefining \ldots on input line 379.
LaTeX Info: Redefining \dots on input line 382.
LaTeX Info: Redefining \cdots on input line 467.
\Mathstrutbox@=\box29
\strutbox@=\box30
\big@size=\dimen121
LaTeX Font Info:    Redeclaring font encoding OML on input line 567.
LaTeX Font Info:    Redeclaring font encoding OMS on input line 568.
\macc@depth=\count106
\c@MaxMatrixCols=\count107
\dotsspace@=\muskip10
\c@parentequation=\count108
\dspbrk@lvl=\count109
\tag@help=\toks26
\row@=\count110
\column@=\count111
\maxfields@=\count112
\andhelp@=\toks27
\eqnshift@=\dimen122
\alignsep@=\dimen123
\tagshift@=\dimen124
\tagwidth@=\dimen125
\totwidth@=\dimen126
\lineht@=\dimen127
\@envbody=\toks28
\multlinegap=\skip51
\multlinetaggap=\skip52
\mathdisplay@stack=\toks29
LaTeX Info: Redefining \[ on input line 2666.
LaTeX Info: Redefining \] on input line 2667.
)
(C:\Users\niuxintao\Documents\GitHub\tse-paper-compare\bare_jrnl_compsoc.aux

LaTeX Warning: Label `figch' multiply defined.

)
LaTeX Font Info:    Checking defaults for OML/cmm/m/it on input line 436.
LaTeX Font Info:    ... okay on input line 436.
LaTeX Font Info:    Checking defaults for T1/cmr/m/n on input line 436.
LaTeX Font Info:    ... okay on input line 436.
LaTeX Font Info:    Checking defaults for OT1/cmr/m/n on input line 436.
LaTeX Font Info:    ... okay on input line 436.
LaTeX Font Info:    Checking defaults for OMS/cmsy/m/n on input line 436.
LaTeX Font Info:    ... okay on input line 436.
LaTeX Font Info:    Checking defaults for OMX/cmex/m/n on input line 436.
LaTeX Font Info:    ... okay on input line 436.
LaTeX Font Info:    Checking defaults for U/cmr/m/n on input line 436.
LaTeX Font Info:    ... okay on input line 436.
LaTeX Font Info:    Try loading font information for OT1+phv on input line 568.

 (D:\CTEX\MiKTeX\tex\latex\psnfss\ot1phv.fd
File: ot1phv.fd 2001/06/04 scalable font definitions for OT1/phv.
)
Requested font "phvr7t" at 24.0pt
 -> phvr7t
Requested font "phvr7t" at 10.0pt
 -> phvr7t
Requested font "phvr7t" at 11.0pt
 -> phvr7t
LaTeX Font Info:    Font shape `OT1/phv/m/it' in size <11> not available
(Font)              Font shape `OT1/phv/m/sl' tried instead on input line 568.
Requested font "phvro7t" at 11.0pt
 -> phvro7t
Requested font "phvr7t" at 8.0pt
 -> phvr7t
LaTeX Font Info:    Font shape `OT1/phv/bx/n' in size <8> not available
(Font)              Font shape `OT1/phv/b/n' tried instead on input line 568.
Requested font "phvb7t" at 8.0pt
 -> phvb7t

** ATTENTION: \keywords is deprecated (line 568). Use \IEEEkeywords instead.
LaTeX Font Info:    Calculating math sizes for size <11> on input line 568.
Requested font "cmr10" at 10.95pt
 -> cmr10
Requested font "cmr8" at 8.0pt
 -> cmr8
Requested font "cmmi10" at 10.95pt
 -> cmmi10
Requested font "cmmi8" at 8.0pt
 -> cmmi8
Requested font "cmsy10" at 10.95pt
 -> cmsy10
Requested font "cmsy8" at 8.0pt
 -> cmsy8
Requested font "cmex10" at 10.95pt
 -> cmex10
Requested font "cmex7" at 7.69997pt
 -> cmex7
Requested font "cmex7" at 5.5pt
 -> cmex7
LaTeX Font Info:    Try loading font information for U+pzd on input line 568.
(D:\CTEX\MiKTeX\tex\latex\psnfss\upzd.fd
File: upzd.fd 2001/06/04 font definitions for U/pzd.
)
Requested font "pzdr" at 11.0pt
 -> pzdr

** ATTENTION: \keywords is deprecated (line 568). Use \IEEEkeywords instead.
Requested font "cmr6" at 6.0pt
 -> cmr6
Requested font "cmmi6" at 6.0pt
 -> cmmi6
Requested font "cmsy6" at 6.0pt
 -> cmsy6
Requested font "cmex8" at 8.0pt
 -> cmex8
Requested font "cmex7" at 6.0pt
 -> cmex7
Requested font "cmex7" at 5.0pt
 -> cmex7
Requested font "phvr7t" at 12.0pt
 -> phvr7t
LaTeX Font Info:    Font shape `OT1/phv/bx/n' in size <12> not available
(Font)              Font shape `OT1/phv/b/n' tried instead on input line 595.
Requested font "phvb7t" at 12.0pt
 -> phvb7t
LaTeX Font Info:    Font shape `OT1/phv/bx/sc' in size <12> not available
(Font)              Font shape `OT1/phv/b/sc' tried instead on input line 595.
Requested font "phvbc7t" at 12.0pt
 -> phvbc7t
Requested font "pplr7t" at 20.18pt
 -> pplr7t
Requested font "pplr7t" at 28.8854pt
 -> pplr7t
Requested font "pplrc7t" at 10.0pt
 -> pplrc7t
Requested font "cmex7" at 7.0pt
 -> cmex7

Underfull \hbox (badness 4479) in paragraph at lines 638--639
[]\OT1/ppl/m/n/10 Consider the fol-low-ing ex-am-ple [[]], Ta-ble 1[]
 []

Requested font "phvr7t" at 7.0pt
 -> phvr7t
Requested font "phvr7t" at 5.0pt
 -> phvr7t
[1


] [2]
\c@definition=\count113
\c@assumption=\count114
\c@proposition=\count115

Underfull \hbox (badness 2119) in paragraph at lines 704--706
[]\OT1/ppl/m/n/10 Take Ta-ble 1[] for ex-am-ple, ($\OML/cmm/m/it/10 Highlight \
OT1/cmr/m/n/10 = \OML/cmm/m/it/10 on$\OT1/ppl/m/n/10 ,
 []

[3]
LaTeX Font Info:    Font shape `OT1/phv/bx/n' in size <10> not available
(Font)              Font shape `OT1/phv/b/n' tried instead on input line 811.
Requested font "phvb7t" at 10.0pt
 -> phvb7t
 [4]
LaTeX Font Info:    Font shape `OT1/phv/m/it' in size <10> not available
(Font)              Font shape `OT1/phv/m/sl' tried instead on input line 838.
Requested font "phvro7t" at 10.0pt
 -> phvro7t
File: cta_example.eps Graphic file (type eps)
 <cta_example.eps>
File: cta-example2.eps Graphic file (type eps)
 <cta-example2.eps>
File: MFSpartition.eps Graphic file (type eps)
 <MFSpartition.eps> [5]
\c@lemma=\count116

** ATTENTION: \proof is deprecated (line 950). Use \IEEEproof instead.

Underfull \hbox (badness 3635) in paragraph at lines 956--956
 \OT1/phv/b/n/10 6.2 frame-work to i-den-ti-fy the min-i-mal fault-y
 []

File: gp.eps Graphic file (type eps)
<gp.eps> [6]
** ATTENTION: \proof is deprecated (line 976). Use \IEEEproof instead.
[7]
File: ch.eps Graphic file (type eps)
 <ch.eps> [8]
File: ct.eps Graphic file (type eps)
 <ct.eps>
Overfull \hbox (32.25047pt too wide) detected at line 1105
\OML/cmm/m/it/10 distance\OT1/cmr/m/n/10 (\OML/cmm/m/it/10 S[]; S[]\OT1/cmr/m/n
/10 ) = []
 []


Overfull \hbox (6.0169pt too wide) in paragraph at lines 1120--1121
[]$[] \OMS/cmsy/m/n/10   \OML/cmm/m/it/10 getDOWNS\OT1/cmr/m/n/10 (\OMS/cmsy/m/
n/10 T\OML/cmm/m/it/10 ; []; []\OT1/cmr/m/n/10 )$ 
 []


Overfull \hbox (24.29019pt too wide) in paragraph at lines 1151--1152
[] $\OML/cmm/m/it/10 longeset \OMS/cmsy/m/n/10   \OML/cmm/m/it/10 getLongest\OT
1/cmr/m/n/10 (\OMS/cmsy/m/n/10 T\OML/cmm/m/it/10 ; []; []\OT1/cmr/m/n/10 )$ 
 []


Overfull \hbox (42.17657pt too wide) in paragraph at lines 1159--1160
[] $\OML/cmm/m/it/10 generate a extra test configration [] contain []$ 
 []

[9]
Overfull \hbox (12.87297pt too wide) in paragraph at lines 1231--1232
[] $\OML/cmm/m/it/10 updateHealthySchemas\OT1/cmr/m/n/10 (\OML/cmm/m/it/10 S[];
 MFS\OT1/cmr/m/n/10 )$ 
 []

[10] [11] [12]
File: single.eps Graphic file (type eps)
 <single.eps>
File: d-8-2.eps Graphic file (type eps)
 <d-8-2.eps>
Underfull \hbox (badness 1383) in paragraph at lines 1338--1339
[]\OT1/ppl/m/n/10 Second, even though, there are some al-go-rith-
 []

[13]
File: i-8-2.eps Graphic file (type eps)
 <i-8-2.eps>
File: k-2-s.eps Graphic file (type eps)
 <k-2-s.eps>
File: k-2-s-small.eps Graphic file (type eps)
 <k-2-s-small.eps> [14]
File: freeD.eps Graphic file (type eps)
 <freeD.eps>
File: freeD2.eps Graphic file (type eps)
 <freeD2.eps>
Missing character: There is no 　 in font pplr7t!
File: proceed.eps Graphic file (type eps)

<proceed.eps> [15]
Underfull \hbox (badness 10000) in paragraph at lines 1428--1429
[]\OT1/ppl/m/n/8 sql.enforce[]strict[]size, sql.enforce[]names,sql.enforce[]ref
s,
 []


Underfull \hbox (badness 5316) in paragraph at lines 1428--1429
\OT1/ppl/m/n/8 sql.enforce[]size, sql.enforce[]types, sql.enforce[]tdc[]delete,

 []


Overfull \hbox (3.39851pt too wide) in paragraph at lines 1431--1440
 [][] 
 []


Underfull \hbox (badness 10000) in paragraph at lines 1445--1446
[]\OT1/ppl/m/n/8 SERVER, WEB-SERV-ER,
 []


Overfull \hbox (76.5831pt too wide) in paragraph at lines 1453--1453
[]\OT1/ppl/m/n/8 TYPE[]FORWARD[]ONLY,TYPE[]SCROLL[]INSENSITIVE,
 []


Overfull \hbox (50.75906pt too wide) in paragraph at lines 1454--1455
[]\OT1/ppl/m/n/8 CONCUR[]READ[]ONLY,CONCUR[]UPDATABLE| 
 []


Overfull \hbox (4.49564pt too wide) in paragraph at lines 1455--1456
[]\OT1/ppl/m/n/8 HOLD[]CURSORS[]OVER[]COMMIT,
 []


Underfull \hbox (badness 10000) in paragraph at lines 1462--1463
[]\OT1/ppl/m/n/8 STATEMENT, PRE-PARED-STATE-
 []


Overfull \hbox (2.2806pt too wide) in paragraph at lines 1475--1484
 [][] 
 []

[16] [17] [18] [19]
LaTeX Font Info:    Try loading font information for OMS+ppl on input line 1639
.
 (D:\CTEX\MiKTeX\tex\latex\psnfss\omsppl.fd
File: omsppl.fd 
)
LaTeX Font Info:    Font shape `OMS/ppl/m/n' in size <8> not available
(Font)              Font shape `OMS/cmsy/m/n' tried instead on input line 1639.


Overfull \hbox (44.64409pt too wide) in paragraph at lines 1670--1681
 [][] 
 []

(C:\Users\niuxintao\Documents\GitHub\tse-paper-compare\bare_jrnl_compsoc.bbl
Missing character: There is no ’ in font pplr7t!

[20])
File: niu.png Graphic file (type QTm)
 <use  "niu.png" >

Package xetex.def Warning: No clipping support in XeTeX yet on input line 1790.


File: niu.png Graphic file (type QTm)
<use  "niu.png" >

Package xetex.def Warning: No clipping support in XeTeX yet on input line 1790.


File: nie.png Graphic file (type QTm)
<use  "nie.png" >

Package xetex.def Warning: No clipping support in XeTeX yet on input line 1797.


File: nie.png Graphic file (type QTm)
<use  "nie.png" >

Package xetex.def Warning: No clipping support in XeTeX yet on input line 1797.


[21]
File: hare.png Graphic file (type QTm)
 <use  "hare.png" >

Package xetex.def Warning: No clipping support in XeTeX yet on input line 1801.


File: hare.png Graphic file (type QTm)
<use  "hare.png" >

Package xetex.def Warning: No clipping support in XeTeX yet on input line 1801.


File: lei.jpg Graphic file (type QTm)
<use  "lei.jpg" >

Package xetex.def Warning: No clipping support in XeTeX yet on input line 1805.


File: lei.jpg Graphic file (type QTm)
<use  "lei.jpg" >

Package xetex.def Warning: No clipping support in XeTeX yet on input line 1805.


File: xy.png Graphic file (type QTm)
<use  "xy.png" >

Package xetex.def Warning: No clipping support in XeTeX yet on input line 1809.


File: xy.png Graphic file (type QTm)
<use  "xy.png" >

Package xetex.def Warning: No clipping support in XeTeX yet on input line 1809.


[22

]
(C:\Users\niuxintao\Documents\GitHub\tse-paper-compare\bare_jrnl_compsoc.aux)

LaTeX Warning: There were multiply-defined labels.

 ) 
Here is how much of TeX's memory you used:
 2787 strings out of 430478
 38773 string characters out of 3191502
 102036 words of memory out of 3000000
 5897 multiletter control sequences out of 15000+200000
 33924 words of font info for 87 fonts, out of 3000000 for 9000
 17 hyphenation exceptions out of 8191
 28i,11n,38p,2303b,331s stack positions out of 5000i,500n,10000p,200000b,50000s

Output written on bare_jrnl_compsoc.pdf (22 pages).
